<?xml version="1.0" encoding="UTF-8"?>
<robot generator="Robot 5.0.1 (Python 3.10.5 on win32)" generated="20220825 18:41:59.208" rpa="false" schemaversion="3">
<suite id="s1" name="Test" source="C:\Users\Techi\PycharmProjects\TestAutomation\RobotFrameworkFiles\test.robot">
<test id="s1-t1" name="Print google search result/links" line="17">
<kw name="Open Browser" library="SeleniumLibrary">
<arg>${URL}</arg>
<arg>${driver}</arg>
<doc>Opens a new browser instance to the optional ``url``.</doc>
<msg timestamp="20220825 18:41:59.348" level="INFO">Opening browser 'chrome' to base url 'https://www.google.com/'.</msg>
<status status="PASS" starttime="20220825 18:41:59.348" endtime="20220825 18:42:02.525"/>
</kw>
<kw name="Maximize Browser Window" library="SeleniumLibrary">
<doc>Maximizes current browser window.</doc>
<status status="PASS" starttime="20220825 18:42:02.526" endtime="20220825 18:42:02.649"/>
</kw>
<kw name="Wait Until Element Is Visible" library="SeleniumLibrary">
<arg>${googleText}</arg>
<doc>Waits until the element ``locator`` is visible.</doc>
<status status="PASS" starttime="20220825 18:42:02.650" endtime="20220825 18:42:02.671"/>
</kw>
<kw name="Enter text on google text field">
<kw name="Input Text" library="SeleniumLibrary">
<arg>${googleText}</arg>
<arg>robotframework</arg>
<doc>Types the given ``text`` into the text field identified by ``locator``.</doc>
<msg timestamp="20220825 18:42:02.672" level="INFO">Typing text 'robotframework' into text field 'xpath=//input[@name='q']'.</msg>
<status status="PASS" starttime="20220825 18:42:02.671" endtime="20220825 18:42:02.733"/>
</kw>
<status status="PASS" starttime="20220825 18:42:02.671" endtime="20220825 18:42:02.733"/>
</kw>
<kw name="Wait Until Element Is Visible" library="SeleniumLibrary">
<arg>${googleButton}</arg>
<doc>Waits until the element ``locator`` is visible.</doc>
<status status="PASS" starttime="20220825 18:42:02.733" endtime="20220825 18:42:02.967"/>
</kw>
<kw name="Capture Page Screenshot" library="SeleniumLibrary">
<doc>Takes a screenshot of the current page and embeds it into a log file.</doc>
<msg timestamp="20220825 18:42:03.065" level="INFO" html="true">&lt;/td&gt;&lt;/tr&gt;&lt;tr&gt;&lt;td colspan="3"&gt;&lt;a href="selenium-screenshot-1.png"&gt;&lt;img src="selenium-screenshot-1.png" width="800px"&gt;&lt;/a&gt;</msg>
<status status="PASS" starttime="20220825 18:42:02.967" endtime="20220825 18:42:03.065"/>
</kw>
<kw name="Click on google search button">
<kw name="Click Element" library="SeleniumLibrary">
<arg>${googleButton}</arg>
<doc>Click the element identified by ``locator``.</doc>
<msg timestamp="20220825 18:42:03.066" level="INFO">Clicking element 'xpath=//input[@name='btnK']'.</msg>
<status status="PASS" starttime="20220825 18:42:03.066" endtime="20220825 18:42:05.363"/>
</kw>
<status status="PASS" starttime="20220825 18:42:03.066" endtime="20220825 18:42:05.363"/>
</kw>
<kw name="Wait Until Element Is Visible" library="SeleniumLibrary">
<arg>${robotLinks}</arg>
<doc>Waits until the element ``locator`` is visible.</doc>
<status status="PASS" starttime="20220825 18:42:05.364" endtime="20220825 18:42:05.376"/>
</kw>
<kw name="Capture Page Screenshot" library="SeleniumLibrary">
<doc>Takes a screenshot of the current page and embeds it into a log file.</doc>
<msg timestamp="20220825 18:42:05.479" level="INFO" html="true">&lt;/td&gt;&lt;/tr&gt;&lt;tr&gt;&lt;td colspan="3"&gt;&lt;a href="selenium-screenshot-2.png"&gt;&lt;img src="selenium-screenshot-2.png" width="800px"&gt;&lt;/a&gt;</msg>
<status status="PASS" starttime="20220825 18:42:05.377" endtime="20220825 18:42:05.479"/>
</kw>
<kw name="Print the Elements in console and text file">
<kw name="Get WebElements" library="SeleniumLibrary">
<var>@{Links}</var>
<arg>${robotLinks}</arg>
<doc>Returns a list of WebElement objects matching the ``locator``.</doc>
<msg timestamp="20220825 18:42:05.485" level="INFO">@{Links} = [ &lt;selenium.webdriver.remote.webelement.WebElement (session="cbdc9d31b46f985dddd74eb531f9255b", element="f160acb7-8f4b-4291-9783-80bbe56e3252")&gt; | &lt;selenium.webdriver.remote.webelement.WebElement (ses...</msg>
<status status="PASS" starttime="20220825 18:42:05.481" endtime="20220825 18:42:05.485"/>
</kw>
<kw name="Create File" library="OperatingSystem">
<arg>${filePath}</arg>
<doc>Creates a file with the given content and encoding.</doc>
<msg timestamp="20220825 18:42:05.486" level="INFO" html="true">Created file '&lt;a href="file://C:\Users\Techi\PycharmProjects\TestAutomation\Resources\output.txt"&gt;C:\Users\Techi\PycharmProjects\TestAutomation\Resources\output.txt&lt;/a&gt;'.</msg>
<status status="PASS" starttime="20220825 18:42:05.485" endtime="20220825 18:42:05.486"/>
</kw>
<for flavor="IN">
<var>${elementLinks}</var>
<value>@{Links}</value>
<iter>
<var name="${elementLinks}">&lt;selenium.webdriver.remote.webelement.WebElement (session="cbdc9d31b46f985dddd74eb531f9255b", element="f160acb7-8f4b-4291-9783-80bbe56e3252")&gt;</var>
<kw name="Get Text" library="SeleniumLibrary">
<var>${resultText}</var>
<arg>${elementLinks}</arg>
<doc>Returns the text value of the element identified by ``locator``.</doc>
<msg timestamp="20220825 18:42:05.497" level="INFO">${resultText} = Robot Framework
https://robotframework.org</msg>
<status status="PASS" starttime="20220825 18:42:05.486" endtime="20220825 18:42:05.497"/>
</kw>
<kw name="Log" library="BuiltIn">
<arg>${resultText}${\n}</arg>
<doc>Logs the given message with the given level.</doc>
<msg timestamp="20220825 18:42:05.498" level="INFO">Robot Framework
https://robotframework.org
</msg>
<status status="PASS" starttime="20220825 18:42:05.498" endtime="20220825 18:42:05.498"/>
</kw>
<kw name="Log To Console" library="BuiltIn">
<arg>${resultText}${\n}</arg>
<doc>Logs the given message to the console.</doc>
<status status="PASS" starttime="20220825 18:42:05.498" endtime="20220825 18:42:05.498"/>
</kw>
<kw name="Append To File" library="OperatingSystem">
<arg>${filePath}</arg>
<arg>${resultText}${\n}</arg>
<arg>encoding=UTF-8</arg>
<doc>Appends the given content to the specified file.</doc>
<msg timestamp="20220825 18:42:05.499" level="INFO" html="true">Appended to file '&lt;a href="file://C:\Users\Techi\PycharmProjects\TestAutomation\Resources\output.txt"&gt;C:\Users\Techi\PycharmProjects\TestAutomation\Resources\output.txt&lt;/a&gt;'.</msg>
<status status="PASS" starttime="20220825 18:42:05.498" endtime="20220825 18:42:05.499"/>
</kw>
<status status="PASS" starttime="20220825 18:42:05.486" endtime="20220825 18:42:05.499"/>
</iter>
<iter>
<var name="${elementLinks}">&lt;selenium.webdriver.remote.webelement.WebElement (session="cbdc9d31b46f985dddd74eb531f9255b", element="714d0012-2414-4fcd-b4c7-bf0dccb2c462")&gt;</var>
<kw name="Get Text" library="SeleniumLibrary">
<var>${resultText}</var>
<arg>${elementLinks}</arg>
<doc>Returns the text value of the element identified by ``locator``.</doc>
<msg timestamp="20220825 18:42:05.510" level="INFO">${resultText} = Robot Framework - GitHub
https://github.com › robotframework › robotframework</msg>
<status status="PASS" starttime="20220825 18:42:05.499" endtime="20220825 18:42:05.510"/>
</kw>
<kw name="Log" library="BuiltIn">
<arg>${resultText}${\n}</arg>
<doc>Logs the given message with the given level.</doc>
<msg timestamp="20220825 18:42:05.511" level="INFO">Robot Framework - GitHub
https://github.com › robotframework › robotframework
</msg>
<status status="PASS" starttime="20220825 18:42:05.510" endtime="20220825 18:42:05.511"/>
</kw>
<kw name="Log To Console" library="BuiltIn">
<arg>${resultText}${\n}</arg>
<doc>Logs the given message to the console.</doc>
<status status="PASS" starttime="20220825 18:42:05.511" endtime="20220825 18:42:05.511"/>
</kw>
<kw name="Append To File" library="OperatingSystem">
<arg>${filePath}</arg>
<arg>${resultText}${\n}</arg>
<arg>encoding=UTF-8</arg>
<doc>Appends the given content to the specified file.</doc>
<msg timestamp="20220825 18:42:05.512" level="INFO" html="true">Appended to file '&lt;a href="file://C:\Users\Techi\PycharmProjects\TestAutomation\Resources\output.txt"&gt;C:\Users\Techi\PycharmProjects\TestAutomation\Resources\output.txt&lt;/a&gt;'.</msg>
<status status="PASS" starttime="20220825 18:42:05.511" endtime="20220825 18:42:05.512"/>
</kw>
<status status="PASS" starttime="20220825 18:42:05.499" endtime="20220825 18:42:05.512"/>
</iter>
<iter>
<var name="${elementLinks}">&lt;selenium.webdriver.remote.webelement.WebElement (session="cbdc9d31b46f985dddd74eb531f9255b", element="8f8960e5-3b3d-41e9-815b-03dbc75a11ac")&gt;</var>
<kw name="Get Text" library="SeleniumLibrary">
<var>${resultText}</var>
<arg>${elementLinks}</arg>
<doc>Returns the text value of the element identified by ``locator``.</doc>
<msg timestamp="20220825 18:42:05.523" level="INFO">${resultText} = Robot Framework Tutorial - Tutorialspoint
https://www.tutorialspoint.com › robot_framework</msg>
<status status="PASS" starttime="20220825 18:42:05.512" endtime="20220825 18:42:05.523"/>
</kw>
<kw name="Log" library="BuiltIn">
<arg>${resultText}${\n}</arg>
<doc>Logs the given message with the given level.</doc>
<msg timestamp="20220825 18:42:05.523" level="INFO">Robot Framework Tutorial - Tutorialspoint
https://www.tutorialspoint.com › robot_framework
</msg>
<status status="PASS" starttime="20220825 18:42:05.523" endtime="20220825 18:42:05.523"/>
</kw>
<kw name="Log To Console" library="BuiltIn">
<arg>${resultText}${\n}</arg>
<doc>Logs the given message to the console.</doc>
<status status="PASS" starttime="20220825 18:42:05.523" endtime="20220825 18:42:05.524"/>
</kw>
<kw name="Append To File" library="OperatingSystem">
<arg>${filePath}</arg>
<arg>${resultText}${\n}</arg>
<arg>encoding=UTF-8</arg>
<doc>Appends the given content to the specified file.</doc>
<msg timestamp="20220825 18:42:05.525" level="INFO" html="true">Appended to file '&lt;a href="file://C:\Users\Techi\PycharmProjects\TestAutomation\Resources\output.txt"&gt;C:\Users\Techi\PycharmProjects\TestAutomation\Resources\output.txt&lt;/a&gt;'.</msg>
<status status="PASS" starttime="20220825 18:42:05.524" endtime="20220825 18:42:05.525"/>
</kw>
<status status="PASS" starttime="20220825 18:42:05.512" endtime="20220825 18:42:05.525"/>
</iter>
<iter>
<var name="${elementLinks}">&lt;selenium.webdriver.remote.webelement.WebElement (session="cbdc9d31b46f985dddd74eb531f9255b", element="4dc86f30-29c4-44c8-a8c4-14141187d290")&gt;</var>
<kw name="Get Text" library="SeleniumLibrary">
<var>${resultText}</var>
<arg>${elementLinks}</arg>
<doc>Returns the text value of the element identified by ``locator``.</doc>
<msg timestamp="20220825 18:42:05.536" level="INFO">${resultText} = Basic concepts of Robot Framework - Robocorp
https://robocorp.com › docs › robot-framework › basics</msg>
<status status="PASS" starttime="20220825 18:42:05.525" endtime="20220825 18:42:05.536"/>
</kw>
<kw name="Log" library="BuiltIn">
<arg>${resultText}${\n}</arg>
<doc>Logs the given message with the given level.</doc>
<msg timestamp="20220825 18:42:05.537" level="INFO">Basic concepts of Robot Framework - Robocorp
https://robocorp.com › docs › robot-framework › basics
</msg>
<status status="PASS" starttime="20220825 18:42:05.536" endtime="20220825 18:42:05.537"/>
</kw>
<kw name="Log To Console" library="BuiltIn">
<arg>${resultText}${\n}</arg>
<doc>Logs the given message to the console.</doc>
<status status="PASS" starttime="20220825 18:42:05.537" endtime="20220825 18:42:05.537"/>
</kw>
<kw name="Append To File" library="OperatingSystem">
<arg>${filePath}</arg>
<arg>${resultText}${\n}</arg>
<arg>encoding=UTF-8</arg>
<doc>Appends the given content to the specified file.</doc>
<msg timestamp="20220825 18:42:05.538" level="INFO" html="true">Appended to file '&lt;a href="file://C:\Users\Techi\PycharmProjects\TestAutomation\Resources\output.txt"&gt;C:\Users\Techi\PycharmProjects\TestAutomation\Resources\output.txt&lt;/a&gt;'.</msg>
<status status="PASS" starttime="20220825 18:42:05.537" endtime="20220825 18:42:05.538"/>
</kw>
<status status="PASS" starttime="20220825 18:42:05.525" endtime="20220825 18:42:05.538"/>
</iter>
<iter>
<var name="${elementLinks}">&lt;selenium.webdriver.remote.webelement.WebElement (session="cbdc9d31b46f985dddd74eb531f9255b", element="fa87bca6-566a-4619-bd62-632d856a5967")&gt;</var>
<kw name="Get Text" library="SeleniumLibrary">
<var>${resultText}</var>
<arg>${elementLinks}</arg>
<doc>Returns the text value of the element identified by ``locator``.</doc>
<msg timestamp="20220825 18:42:05.550" level="INFO">${resultText} = Robot Framework overview - Robocorp
https://robocorp.com › docs › languages-and-frameworks</msg>
<status status="PASS" starttime="20220825 18:42:05.538" endtime="20220825 18:42:05.550"/>
</kw>
<kw name="Log" library="BuiltIn">
<arg>${resultText}${\n}</arg>
<doc>Logs the given message with the given level.</doc>
<msg timestamp="20220825 18:42:05.550" level="INFO">Robot Framework overview - Robocorp
https://robocorp.com › docs › languages-and-frameworks
</msg>
<status status="PASS" starttime="20220825 18:42:05.550" endtime="20220825 18:42:05.550"/>
</kw>
<kw name="Log To Console" library="BuiltIn">
<arg>${resultText}${\n}</arg>
<doc>Logs the given message to the console.</doc>
<status status="PASS" starttime="20220825 18:42:05.550" endtime="20220825 18:42:05.550"/>
</kw>
<kw name="Append To File" library="OperatingSystem">
<arg>${filePath}</arg>
<arg>${resultText}${\n}</arg>
<arg>encoding=UTF-8</arg>
<doc>Appends the given content to the specified file.</doc>
<msg timestamp="20220825 18:42:05.551" level="INFO" html="true">Appended to file '&lt;a href="file://C:\Users\Techi\PycharmProjects\TestAutomation\Resources\output.txt"&gt;C:\Users\Techi\PycharmProjects\TestAutomation\Resources\output.txt&lt;/a&gt;'.</msg>
<status status="PASS" starttime="20220825 18:42:05.550" endtime="20220825 18:42:05.551"/>
</kw>
<status status="PASS" starttime="20220825 18:42:05.538" endtime="20220825 18:42:05.551"/>
</iter>
<iter>
<var name="${elementLinks}">&lt;selenium.webdriver.remote.webelement.WebElement (session="cbdc9d31b46f985dddd74eb531f9255b", element="c7e8b27b-97f1-4398-a538-841eaccf8c77")&gt;</var>
<kw name="Get Text" library="SeleniumLibrary">
<var>${resultText}</var>
<arg>${elementLinks}</arg>
<doc>Returns the text value of the element identified by ``locator``.</doc>
<msg timestamp="20220825 18:42:05.563" level="INFO">${resultText} = Robot Framework in Python - GeeksforGeeks
https://www.geeksforgeeks.org › robot-framework-in-p...</msg>
<status status="PASS" starttime="20220825 18:42:05.552" endtime="20220825 18:42:05.563"/>
</kw>
<kw name="Log" library="BuiltIn">
<arg>${resultText}${\n}</arg>
<doc>Logs the given message with the given level.</doc>
<msg timestamp="20220825 18:42:05.563" level="INFO">Robot Framework in Python - GeeksforGeeks
https://www.geeksforgeeks.org › robot-framework-in-p...
</msg>
<status status="PASS" starttime="20220825 18:42:05.563" endtime="20220825 18:42:05.563"/>
</kw>
<kw name="Log To Console" library="BuiltIn">
<arg>${resultText}${\n}</arg>
<doc>Logs the given message to the console.</doc>
<status status="PASS" starttime="20220825 18:42:05.563" endtime="20220825 18:42:05.564"/>
</kw>
<kw name="Append To File" library="OperatingSystem">
<arg>${filePath}</arg>
<arg>${resultText}${\n}</arg>
<arg>encoding=UTF-8</arg>
<doc>Appends the given content to the specified file.</doc>
<msg timestamp="20220825 18:42:05.565" level="INFO" html="true">Appended to file '&lt;a href="file://C:\Users\Techi\PycharmProjects\TestAutomation\Resources\output.txt"&gt;C:\Users\Techi\PycharmProjects\TestAutomation\Resources\output.txt&lt;/a&gt;'.</msg>
<status status="PASS" starttime="20220825 18:42:05.564" endtime="20220825 18:42:05.565"/>
</kw>
<status status="PASS" starttime="20220825 18:42:05.552" endtime="20220825 18:42:05.565"/>
</iter>
<status status="PASS" starttime="20220825 18:42:05.486" endtime="20220825 18:42:05.565"/>
</for>
<status status="PASS" starttime="20220825 18:42:05.480" endtime="20220825 18:42:05.565"/>
</kw>
<kw name="Close Browser" library="SeleniumLibrary">
<doc>Closes the current browser.</doc>
<status status="PASS" starttime="20220825 18:42:05.566" endtime="20220825 18:42:07.671"/>
</kw>
<status status="PASS" starttime="20220825 18:41:59.347" endtime="20220825 18:42:07.672"/>
</test>
<status status="PASS" starttime="20220825 18:41:59.209" endtime="20220825 18:42:07.675"/>
</suite>
<statistics>
<total>
<stat pass="1" fail="0" skip="0">All Tests</stat>
</total>
<tag>
</tag>
<suite>
<stat pass="1" fail="0" skip="0" id="s1" name="Test">Test</stat>
</suite>
</statistics>
<errors>
</errors>
</robot>
