<?xml version="1.0" encoding="UTF-8"?>
<robot generator="Robot 5.0.1 (Python 3.10.5 on win32)" generated="20220825 18:21:25.567" rpa="false" schemaversion="3">
<suite id="s1" name="Test" source="C:\Users\Techi\PycharmProjects\TestAutomation\RobotFrameworkFiles\test.robot">
<test id="s1-t1" name="Print google search result/links" line="14">
<kw name="Open Browser" library="SeleniumLibrary">
<arg>https://www.google.com/</arg>
<arg>chrome</arg>
<doc>Opens a new browser instance to the optional ``url``.</doc>
<msg timestamp="20220825 18:21:25.711" level="INFO">Opening browser 'chrome' to base url 'https://www.google.com/'.</msg>
<status status="PASS" starttime="20220825 18:21:25.711" endtime="20220825 18:21:28.587"/>
</kw>
<kw name="Maximize Browser Window" library="SeleniumLibrary">
<doc>Maximizes current browser window.</doc>
<status status="PASS" starttime="20220825 18:21:28.588" endtime="20220825 18:21:28.708"/>
</kw>
<kw name="Wait Until Element Is Visible" library="SeleniumLibrary">
<arg>${googleText}</arg>
<doc>Waits until the element ``locator`` is visible.</doc>
<status status="PASS" starttime="20220825 18:21:28.708" endtime="20220825 18:21:28.727"/>
</kw>
<kw name="Enter text on google text field">
<kw name="Input Text" library="SeleniumLibrary">
<arg>${googleText}</arg>
<arg>robotframework</arg>
<doc>Types the given ``text`` into the text field identified by ``locator``.</doc>
<msg timestamp="20220825 18:21:28.728" level="INFO">Typing text 'robotframework' into text field 'xpath=//input[@name='q']'.</msg>
<status status="PASS" starttime="20220825 18:21:28.728" endtime="20220825 18:21:28.788"/>
</kw>
<status status="PASS" starttime="20220825 18:21:28.728" endtime="20220825 18:21:28.788"/>
</kw>
<kw name="Wait Until Element Is Visible" library="SeleniumLibrary">
<arg>${googleButton}</arg>
<doc>Waits until the element ``locator`` is visible.</doc>
<status status="PASS" starttime="20220825 18:21:28.789" endtime="20220825 18:21:29.029"/>
</kw>
<kw name="Capture Page Screenshot" library="SeleniumLibrary">
<doc>Takes a screenshot of the current page and embeds it into a log file.</doc>
<msg timestamp="20220825 18:21:29.115" level="INFO" html="true">&lt;/td&gt;&lt;/tr&gt;&lt;tr&gt;&lt;td colspan="3"&gt;&lt;a href="selenium-screenshot-1.png"&gt;&lt;img src="selenium-screenshot-1.png" width="800px"&gt;&lt;/a&gt;</msg>
<status status="PASS" starttime="20220825 18:21:29.030" endtime="20220825 18:21:29.115"/>
</kw>
<kw name="Click on google search button">
<kw name="Click Element" library="SeleniumLibrary">
<arg>${googleButton}</arg>
<doc>Click the element identified by ``locator``.</doc>
<msg timestamp="20220825 18:21:29.115" level="INFO">Clicking element 'xpath=//input[@name='btnK']'.</msg>
<status status="PASS" starttime="20220825 18:21:29.115" endtime="20220825 18:21:30.821"/>
</kw>
<status status="PASS" starttime="20220825 18:21:29.115" endtime="20220825 18:21:30.821"/>
</kw>
<kw name="Wait Until Element Is Visible" library="SeleniumLibrary">
<arg>${robotLinks}</arg>
<doc>Waits until the element ``locator`` is visible.</doc>
<status status="PASS" starttime="20220825 18:21:30.822" endtime="20220825 18:21:30.835"/>
</kw>
<kw name="Capture Page Screenshot" library="SeleniumLibrary">
<doc>Takes a screenshot of the current page and embeds it into a log file.</doc>
<msg timestamp="20220825 18:21:30.945" level="INFO" html="true">&lt;/td&gt;&lt;/tr&gt;&lt;tr&gt;&lt;td colspan="3"&gt;&lt;a href="selenium-screenshot-2.png"&gt;&lt;img src="selenium-screenshot-2.png" width="800px"&gt;&lt;/a&gt;</msg>
<status status="PASS" starttime="20220825 18:21:30.835" endtime="20220825 18:21:30.946"/>
</kw>
<kw name="Print the Elements in console and text file">
<kw name="Get WebElements" library="SeleniumLibrary">
<var>@{Links}</var>
<arg>${robotLinks}</arg>
<doc>Returns a list of WebElement objects matching the ``locator``.</doc>
<msg timestamp="20220825 18:21:30.950" level="INFO">@{Links} = [ &lt;selenium.webdriver.remote.webelement.WebElement (session="f482d5a596ee7d2a2e4cb013959b158f", element="71a5464f-2615-442f-be5e-5ccdd1777ae9")&gt; | &lt;selenium.webdriver.remote.webelement.WebElement (ses...</msg>
<status status="PASS" starttime="20220825 18:21:30.946" endtime="20220825 18:21:30.950"/>
</kw>
<kw name="Create File" library="OperatingSystem">
<arg>${filePath}</arg>
<doc>Creates a file with the given content and encoding.</doc>
<msg timestamp="20220825 18:21:30.951" level="INFO" html="true">Created file '&lt;a href="file://C:\Users\Techi\PycharmProjects\TestAutomation\Resources\output.txt"&gt;C:\Users\Techi\PycharmProjects\TestAutomation\Resources\output.txt&lt;/a&gt;'.</msg>
<status status="PASS" starttime="20220825 18:21:30.950" endtime="20220825 18:21:30.951"/>
</kw>
<for flavor="IN">
<var>${elementLinks}</var>
<value>@{Links}</value>
<iter>
<var name="${elementLinks}">&lt;selenium.webdriver.remote.webelement.WebElement (session="f482d5a596ee7d2a2e4cb013959b158f", element="71a5464f-2615-442f-be5e-5ccdd1777ae9")&gt;</var>
<kw name="Get Text" library="SeleniumLibrary">
<var>${resultText}</var>
<arg>${elementLinks}</arg>
<doc>Returns the text value of the element identified by ``locator``.</doc>
<msg timestamp="20220825 18:21:30.963" level="INFO">${resultText} = Robot Framework
https://robotframework.org</msg>
<status status="PASS" starttime="20220825 18:21:30.952" endtime="20220825 18:21:30.963"/>
</kw>
<kw name="Log" library="BuiltIn">
<arg>${resultText}</arg>
<doc>Logs the given message with the given level.</doc>
<msg timestamp="20220825 18:21:30.963" level="INFO">Robot Framework
https://robotframework.org</msg>
<status status="PASS" starttime="20220825 18:21:30.963" endtime="20220825 18:21:30.963"/>
</kw>
<kw name="Log To Console" library="BuiltIn">
<arg>${resultText}</arg>
<doc>Logs the given message to the console.</doc>
<status status="PASS" starttime="20220825 18:21:30.963" endtime="20220825 18:21:30.963"/>
</kw>
<kw name="Append To File" library="OperatingSystem">
<arg>${filePath}</arg>
<arg>${resultText}${\n}</arg>
<arg>encoding=UTF-8</arg>
<doc>Appends the given content to the specified file.</doc>
<msg timestamp="20220825 18:21:30.964" level="INFO" html="true">Appended to file '&lt;a href="file://C:\Users\Techi\PycharmProjects\TestAutomation\Resources\output.txt"&gt;C:\Users\Techi\PycharmProjects\TestAutomation\Resources\output.txt&lt;/a&gt;'.</msg>
<status status="PASS" starttime="20220825 18:21:30.963" endtime="20220825 18:21:30.964"/>
</kw>
<status status="PASS" starttime="20220825 18:21:30.951" endtime="20220825 18:21:30.964"/>
</iter>
<iter>
<var name="${elementLinks}">&lt;selenium.webdriver.remote.webelement.WebElement (session="f482d5a596ee7d2a2e4cb013959b158f", element="68b5d085-437d-4f47-8447-b0f943e7730e")&gt;</var>
<kw name="Get Text" library="SeleniumLibrary">
<var>${resultText}</var>
<arg>${elementLinks}</arg>
<doc>Returns the text value of the element identified by ``locator``.</doc>
<msg timestamp="20220825 18:21:30.975" level="INFO">${resultText} = Robot Framework - GitHub
https://github.com › robotframework › robotframework</msg>
<status status="PASS" starttime="20220825 18:21:30.965" endtime="20220825 18:21:30.975"/>
</kw>
<kw name="Log" library="BuiltIn">
<arg>${resultText}</arg>
<doc>Logs the given message with the given level.</doc>
<msg timestamp="20220825 18:21:30.975" level="INFO">Robot Framework - GitHub
https://github.com › robotframework › robotframework</msg>
<status status="PASS" starttime="20220825 18:21:30.975" endtime="20220825 18:21:30.975"/>
</kw>
<kw name="Log To Console" library="BuiltIn">
<arg>${resultText}</arg>
<doc>Logs the given message to the console.</doc>
<status status="PASS" starttime="20220825 18:21:30.975" endtime="20220825 18:21:30.976"/>
</kw>
<kw name="Append To File" library="OperatingSystem">
<arg>${filePath}</arg>
<arg>${resultText}${\n}</arg>
<arg>encoding=UTF-8</arg>
<doc>Appends the given content to the specified file.</doc>
<msg timestamp="20220825 18:21:30.976" level="INFO" html="true">Appended to file '&lt;a href="file://C:\Users\Techi\PycharmProjects\TestAutomation\Resources\output.txt"&gt;C:\Users\Techi\PycharmProjects\TestAutomation\Resources\output.txt&lt;/a&gt;'.</msg>
<status status="PASS" starttime="20220825 18:21:30.976" endtime="20220825 18:21:30.976"/>
</kw>
<status status="PASS" starttime="20220825 18:21:30.965" endtime="20220825 18:21:30.977"/>
</iter>
<iter>
<var name="${elementLinks}">&lt;selenium.webdriver.remote.webelement.WebElement (session="f482d5a596ee7d2a2e4cb013959b158f", element="ec200569-58d4-4a2f-b224-72876004a83c")&gt;</var>
<kw name="Get Text" library="SeleniumLibrary">
<var>${resultText}</var>
<arg>${elementLinks}</arg>
<doc>Returns the text value of the element identified by ``locator``.</doc>
<msg timestamp="20220825 18:21:30.987" level="INFO">${resultText} = Robot Framework Tutorial - Tutorialspoint
https://www.tutorialspoint.com › robot_framework</msg>
<status status="PASS" starttime="20220825 18:21:30.977" endtime="20220825 18:21:30.987"/>
</kw>
<kw name="Log" library="BuiltIn">
<arg>${resultText}</arg>
<doc>Logs the given message with the given level.</doc>
<msg timestamp="20220825 18:21:30.988" level="INFO">Robot Framework Tutorial - Tutorialspoint
https://www.tutorialspoint.com › robot_framework</msg>
<status status="PASS" starttime="20220825 18:21:30.987" endtime="20220825 18:21:30.988"/>
</kw>
<kw name="Log To Console" library="BuiltIn">
<arg>${resultText}</arg>
<doc>Logs the given message to the console.</doc>
<status status="PASS" starttime="20220825 18:21:30.988" endtime="20220825 18:21:30.988"/>
</kw>
<kw name="Append To File" library="OperatingSystem">
<arg>${filePath}</arg>
<arg>${resultText}${\n}</arg>
<arg>encoding=UTF-8</arg>
<doc>Appends the given content to the specified file.</doc>
<msg timestamp="20220825 18:21:30.989" level="INFO" html="true">Appended to file '&lt;a href="file://C:\Users\Techi\PycharmProjects\TestAutomation\Resources\output.txt"&gt;C:\Users\Techi\PycharmProjects\TestAutomation\Resources\output.txt&lt;/a&gt;'.</msg>
<status status="PASS" starttime="20220825 18:21:30.988" endtime="20220825 18:21:30.989"/>
</kw>
<status status="PASS" starttime="20220825 18:21:30.977" endtime="20220825 18:21:30.989"/>
</iter>
<iter>
<var name="${elementLinks}">&lt;selenium.webdriver.remote.webelement.WebElement (session="f482d5a596ee7d2a2e4cb013959b158f", element="b2dc33d6-a7f6-4eb8-ab2d-b8483006fdac")&gt;</var>
<kw name="Get Text" library="SeleniumLibrary">
<var>${resultText}</var>
<arg>${elementLinks}</arg>
<doc>Returns the text value of the element identified by ``locator``.</doc>
<msg timestamp="20220825 18:21:31.002" level="INFO">${resultText} = Basic concepts of Robot Framework - Robocorp
https://robocorp.com › docs › robot-framework › basics</msg>
<status status="PASS" starttime="20220825 18:21:30.989" endtime="20220825 18:21:31.002"/>
</kw>
<kw name="Log" library="BuiltIn">
<arg>${resultText}</arg>
<doc>Logs the given message with the given level.</doc>
<msg timestamp="20220825 18:21:31.002" level="INFO">Basic concepts of Robot Framework - Robocorp
https://robocorp.com › docs › robot-framework › basics</msg>
<status status="PASS" starttime="20220825 18:21:31.002" endtime="20220825 18:21:31.002"/>
</kw>
<kw name="Log To Console" library="BuiltIn">
<arg>${resultText}</arg>
<doc>Logs the given message to the console.</doc>
<status status="PASS" starttime="20220825 18:21:31.002" endtime="20220825 18:21:31.003"/>
</kw>
<kw name="Append To File" library="OperatingSystem">
<arg>${filePath}</arg>
<arg>${resultText}${\n}</arg>
<arg>encoding=UTF-8</arg>
<doc>Appends the given content to the specified file.</doc>
<msg timestamp="20220825 18:21:31.004" level="INFO" html="true">Appended to file '&lt;a href="file://C:\Users\Techi\PycharmProjects\TestAutomation\Resources\output.txt"&gt;C:\Users\Techi\PycharmProjects\TestAutomation\Resources\output.txt&lt;/a&gt;'.</msg>
<status status="PASS" starttime="20220825 18:21:31.003" endtime="20220825 18:21:31.004"/>
</kw>
<status status="PASS" starttime="20220825 18:21:30.989" endtime="20220825 18:21:31.004"/>
</iter>
<iter>
<var name="${elementLinks}">&lt;selenium.webdriver.remote.webelement.WebElement (session="f482d5a596ee7d2a2e4cb013959b158f", element="cf696d0f-df4f-432e-9142-561874070fc2")&gt;</var>
<kw name="Get Text" library="SeleniumLibrary">
<var>${resultText}</var>
<arg>${elementLinks}</arg>
<doc>Returns the text value of the element identified by ``locator``.</doc>
<msg timestamp="20220825 18:21:31.016" level="INFO">${resultText} = Robot Framework overview - Robocorp
https://robocorp.com › docs › languages-and-frameworks</msg>
<status status="PASS" starttime="20220825 18:21:31.004" endtime="20220825 18:21:31.016"/>
</kw>
<kw name="Log" library="BuiltIn">
<arg>${resultText}</arg>
<doc>Logs the given message with the given level.</doc>
<msg timestamp="20220825 18:21:31.016" level="INFO">Robot Framework overview - Robocorp
https://robocorp.com › docs › languages-and-frameworks</msg>
<status status="PASS" starttime="20220825 18:21:31.016" endtime="20220825 18:21:31.016"/>
</kw>
<kw name="Log To Console" library="BuiltIn">
<arg>${resultText}</arg>
<doc>Logs the given message to the console.</doc>
<status status="PASS" starttime="20220825 18:21:31.016" endtime="20220825 18:21:31.016"/>
</kw>
<kw name="Append To File" library="OperatingSystem">
<arg>${filePath}</arg>
<arg>${resultText}${\n}</arg>
<arg>encoding=UTF-8</arg>
<doc>Appends the given content to the specified file.</doc>
<msg timestamp="20220825 18:21:31.017" level="INFO" html="true">Appended to file '&lt;a href="file://C:\Users\Techi\PycharmProjects\TestAutomation\Resources\output.txt"&gt;C:\Users\Techi\PycharmProjects\TestAutomation\Resources\output.txt&lt;/a&gt;'.</msg>
<status status="PASS" starttime="20220825 18:21:31.016" endtime="20220825 18:21:31.017"/>
</kw>
<status status="PASS" starttime="20220825 18:21:31.004" endtime="20220825 18:21:31.017"/>
</iter>
<iter>
<var name="${elementLinks}">&lt;selenium.webdriver.remote.webelement.WebElement (session="f482d5a596ee7d2a2e4cb013959b158f", element="f974542d-079e-4f76-9f89-64dfea41f5f5")&gt;</var>
<kw name="Get Text" library="SeleniumLibrary">
<var>${resultText}</var>
<arg>${elementLinks}</arg>
<doc>Returns the text value of the element identified by ``locator``.</doc>
<msg timestamp="20220825 18:21:31.028" level="INFO">${resultText} = Robot Framework in Python - GeeksforGeeks
https://www.geeksforgeeks.org › robot-framework-in-p...</msg>
<status status="PASS" starttime="20220825 18:21:31.018" endtime="20220825 18:21:31.028"/>
</kw>
<kw name="Log" library="BuiltIn">
<arg>${resultText}</arg>
<doc>Logs the given message with the given level.</doc>
<msg timestamp="20220825 18:21:31.029" level="INFO">Robot Framework in Python - GeeksforGeeks
https://www.geeksforgeeks.org › robot-framework-in-p...</msg>
<status status="PASS" starttime="20220825 18:21:31.028" endtime="20220825 18:21:31.029"/>
</kw>
<kw name="Log To Console" library="BuiltIn">
<arg>${resultText}</arg>
<doc>Logs the given message to the console.</doc>
<status status="PASS" starttime="20220825 18:21:31.029" endtime="20220825 18:21:31.029"/>
</kw>
<kw name="Append To File" library="OperatingSystem">
<arg>${filePath}</arg>
<arg>${resultText}${\n}</arg>
<arg>encoding=UTF-8</arg>
<doc>Appends the given content to the specified file.</doc>
<msg timestamp="20220825 18:21:31.030" level="INFO" html="true">Appended to file '&lt;a href="file://C:\Users\Techi\PycharmProjects\TestAutomation\Resources\output.txt"&gt;C:\Users\Techi\PycharmProjects\TestAutomation\Resources\output.txt&lt;/a&gt;'.</msg>
<status status="PASS" starttime="20220825 18:21:31.029" endtime="20220825 18:21:31.030"/>
</kw>
<status status="PASS" starttime="20220825 18:21:31.017" endtime="20220825 18:21:31.030"/>
</iter>
<status status="PASS" starttime="20220825 18:21:30.951" endtime="20220825 18:21:31.030"/>
</for>
<status status="PASS" starttime="20220825 18:21:30.946" endtime="20220825 18:21:31.030"/>
</kw>
<kw name="Close Browser" library="SeleniumLibrary">
<doc>Closes the current browser.</doc>
<status status="PASS" starttime="20220825 18:21:31.030" endtime="20220825 18:21:33.133"/>
</kw>
<status status="PASS" starttime="20220825 18:21:25.710" endtime="20220825 18:21:33.134"/>
</test>
<status status="PASS" starttime="20220825 18:21:25.568" endtime="20220825 18:21:33.135"/>
</suite>
<statistics>
<total>
<stat pass="1" fail="0" skip="0">All Tests</stat>
</total>
<tag>
</tag>
<suite>
<stat pass="1" fail="0" skip="0" id="s1" name="Test">Test</stat>
</suite>
</statistics>
<errors>
</errors>
</robot>
